11:25:50 Looking for Rpl\*.p in d:\newsie\on_in_co\APLIC
Compiling Rpl\d-almacen.p
Compiling Rpl\d-almckits.p
Compiling Rpl\d-almcmov.p
Compiling Rpl\d-almcrepo.p
Compiling Rpl\d-almcrequ.p
Compiling Rpl\d-almddocu.p
Compiling Rpl\d-almdkits.p
Compiling Rpl\d-almdmov.p
Compiling Rpl\d-almdrequ.p
Compiling Rpl\d-almmmat1.p
Compiling Rpl\d-almmmate.p
Compiling Rpl\d-almmmatg.p
Compiling Rpl\d-almmmatp.p
Compiling Rpl\d-almmserv.p
Compiling Rpl\d-almsfami.p
Compiling Rpl\d-almssfami.p
Compiling Rpl\d-almtconv.p
Compiling Rpl\d-almtdocm.p
Compiling Rpl\d-almtfami.p
Compiling Rpl\d-almtubic.p
Compiling Rpl\d-almtzona.p
Compiling Rpl\d-cb-cmov.p
Compiling Rpl\d-cb-dmov.p
Compiling Rpl\d-cb-oper.p
Compiling Rpl\d-ccbadocu.p
Compiling Rpl\d-ccbcbult.p
Compiling Rpl\d-ccbccaja.p
Compiling Rpl\d-ccbccgoc.p
Compiling Rpl\d-ccbcdocu.p
Compiling Rpl\d-ccbcierr.p
Compiling Rpl\d-ccbcmov.p
Compiling Rpl\d-ccbcmvto.p
Compiling Rpl\d-ccbdbult.p
Compiling Rpl\d-ccbdcaja.p
Compiling Rpl\d-ccbdcgoc.p
Compiling Rpl\d-ccbddocu.p
Compiling Rpl\d-ccbdecl.p
Compiling Rpl\d-ccbdmov.p
Compiling Rpl\d-ccbdmvto.p
Compiling Rpl\d-ccbpendep.p
Compiling Rpl\d-ccbrdocu.p
Compiling Rpl\d-ccbtabla.p
Compiling Rpl\d-controlod.p
Compiling Rpl\d-di-cgasol.p
Compiling Rpl\d-di-rutac.p
Compiling Rpl\d-di-rutad.p
Compiling Rpl\d-di-rutadg.p
Compiling Rpl\d-di-rutadv.p
Compiling Rpl\d-di-rutag.p
Compiling Rpl\d-expasist.p
Compiling Rpl\d-expdigit.p
Compiling Rpl\d-expogrupo.p
Compiling Rpl\d-expogrupodetail.p
Compiling Rpl\d-expogrupoean.p
Compiling Rpl\d-exptarea.p
Compiling Rpl\d-exptermi.p
Compiling Rpl\d-expturno.p
Compiling Rpl\d-faccorre.p
Compiling Rpl\d-faccpedi.p
Compiling Rpl\d-faccpedm.p
Compiling Rpl\d-facdpedi.p
Compiling Rpl\d-facdpedm.p
Compiling Rpl\d-factabla.p
Compiling Rpl\d-fecanje.p
Compiling Rpl\d-felogcomprobantes.p
Compiling Rpl\d-gn-card.p
Compiling Rpl\d-gn-clie.p
Compiling Rpl\d-gn-clieb.p
Compiling Rpl\d-gn-clied.p
Compiling Rpl\d-gn-cliel.p
Compiling Rpl\d-gn-divi.p
Compiling Rpl\d-gn-prov.p
Compiling Rpl\d-gn-tccja.p
Compiling Rpl\d-gn-tcmb.p
Compiling Rpl\d-gn-ven.p
Compiling Rpl\d-invconteo.p
Compiling Rpl\d-invrecont.p
Compiling Rpl\d-lg-cmatpr.p
Compiling Rpl\d-lg-cocmp.p
Compiling Rpl\d-lg-corr.p
Compiling Rpl\d-lg-coser.p
Compiling Rpl\d-lg-dmatpr.p
Compiling Rpl\d-lg-docmp.p
Compiling Rpl\d-lg-doser.p
Compiling Rpl\d-ooalmcmov.p
Compiling Rpl\d-ooalmdmov.p
Compiling Rpl\d-piksacadores.p
Compiling Rpl\d-piktareas.p
Compiling Rpl\d-pl-flg-mes.p
Compiling Rpl\d-pl-flg-sem.p
Compiling Rpl\d-pl-mov-mes.p
Compiling Rpl\d-pl-mov-sem.p
Compiling Rpl\d-pl-pers.p
Compiling Rpl\d-pr-liqc.p
Compiling Rpl\d-pr-liqcx.p
Compiling Rpl\d-pr-liqd1.p
Compiling Rpl\d-pr-liqd2.p
Compiling Rpl\d-pr-liqd3.p
Compiling Rpl\d-pr-liqd4.p
Compiling Rpl\d-pr-mov-mes.p
Compiling Rpl\d-pr-odpc.p
Compiling Rpl\d-pr-odpcx.p
Compiling Rpl\d-pr-odpd.p
Compiling Rpl\d-pr-odpdg.p
Compiling Rpl\d-pr-rqproc.p
Compiling Rpl\d-pr-rqprod.p
Compiling Rpl\d-supcontroloc.p
Compiling Rpl\d-tabgener.p
Compiling Rpl\d-unidades.p
Compiling Rpl\d-vtacdocu.p
Compiling Rpl\d-vtacprom.p
Compiling Rpl\d-vtactabla.p
Compiling Rpl\d-vtactickets.p
Compiling Rpl\d-vtactrkped.p
Compiling Rpl\d-vtadctoprom.p
Compiling Rpl\d-vtadctoprommin.p
Compiling Rpl\d-vtaddocu.p
Compiling Rpl\d-vtadprom.p
Compiling Rpl\d-vtadtabla.p
Compiling Rpl\d-vtadtickets.p
Compiling Rpl\d-vtadtrkped.p
Compiling Rpl\d-vtalistamay.p
Compiling Rpl\d-vtalistamin.p
Compiling Rpl\d-vtalistamingn.p
Compiling Rpl\d-vtamcanal.p
Compiling Rpl\d-vtatabla.p
Compiling Rpl\d-vtavales.p
Compiling Rpl\w-almacen.p
Compiling Rpl\w-almckits.p
Compiling Rpl\w-almcmov.p
Compiling Rpl\w-almcrepo.p
Compiling Rpl\w-almcrequ.p
Compiling Rpl\w-almddocu.p
Compiling Rpl\w-almdkits.p
Compiling Rpl\w-almdmov.p
Compiling Rpl\w-almdrequ.p
Compiling Rpl\w-almmmat1.p
Compiling Rpl\w-almmmate.p
Compiling Rpl\w-almmmatg.p
Compiling Rpl\w-almmmatp.p
Compiling Rpl\w-almmserv.p
Compiling Rpl\w-almsfami.p
Compiling Rpl\w-almssfami.p
Compiling Rpl\w-almtconv.p
Compiling Rpl\w-almtdocm.p
Compiling Rpl\w-almtfami.p
Compiling Rpl\w-almtubic.p
Compiling Rpl\w-almtzona.p
Compiling Rpl\w-cb-cmov.p
Compiling Rpl\w-cb-dmov.p
Compiling Rpl\w-cb-oper.p
Compiling Rpl\w-ccbadocu.p
Compiling Rpl\w-ccbcbult.p
Compiling Rpl\w-ccbccaja.p
Compiling Rpl\w-ccbccgoc.p
Compiling Rpl\w-ccbcdocu.p
Compiling Rpl\w-ccbcierr.p
Compiling Rpl\w-ccbcmov.p
Compiling Rpl\w-ccbcmvto.p
Compiling Rpl\w-ccbdbult.p
Compiling Rpl\w-ccbdcaja.p
Compiling Rpl\w-ccbdcgoc.p
Compiling Rpl\w-ccbddocu.p
Compiling Rpl\w-ccbdecl.p
Compiling Rpl\w-ccbdmov.p
Compiling Rpl\w-ccbdmvto.p
Compiling Rpl\w-ccbpendep.p
Compiling Rpl\w-ccbrdocu.p
Compiling Rpl\w-ccbtabla.p
Compiling Rpl\w-controlod.p
Compiling Rpl\w-di-cgasol.p
Compiling Rpl\w-di-rutac.p
Compiling Rpl\w-di-rutad.p
Compiling Rpl\w-di-rutadg.p
Compiling Rpl\w-di-rutadv.p
Compiling Rpl\w-di-rutag.p
Compiling Rpl\w-expasist.p
Compiling Rpl\w-expdigit.p
Compiling Rpl\w-expogrupo.p
Compiling Rpl\w-expogrupodetail.p
Compiling Rpl\w-expogrupoean.p
Compiling Rpl\w-exptarea.p
Compiling Rpl\w-exptermi.p
Compiling Rpl\w-expturno.p
Compiling Rpl\w-faccorre.p
Compiling Rpl\w-faccpedi.p
Compiling Rpl\w-faccpedm.p
Compiling Rpl\w-facdpedi.p
Compiling Rpl\w-facdpedm.p
Compiling Rpl\w-factabla.p
Compiling Rpl\w-fecanje.p
Compiling Rpl\w-felogcomprobantes.p
Compiling Rpl\w-felogerrores.p
Compiling Rpl\w-gn-card.p
Compiling Rpl\w-gn-clie.p
Compiling Rpl\w-gn-clieb.p
Compiling Rpl\w-gn-clied.p
Compiling Rpl\w-gn-cliel.p
Compiling Rpl\w-gn-divi.p
Compiling Rpl\w-gn-prov.p
Compiling Rpl\w-gn-tccja.p
Compiling Rpl\w-gn-tcmb.p
Compiling Rpl\w-gn-tcvtamin.p
Compiling Rpl\w-gn-ven.p
Compiling Rpl\w-invconteo.p
Compiling Rpl\w-invrecont.p
Compiling Rpl\w-lg-cmatpr.p
Compiling Rpl\w-lg-cocmp.p
Compiling Rpl\w-lg-corr.p
Compiling Rpl\w-lg-coser.p
Compiling Rpl\w-lg-dmatpr.p
Compiling Rpl\w-lg-docmp.p
Compiling Rpl\w-lg-doser.p
Compiling Rpl\w-ooalmcmov.p
Compiling Rpl\w-ooalmdmov.p
Compiling Rpl\w-piksacadores.p
Compiling Rpl\w-piktareas.p
Compiling Rpl\w-pl-flg-mes.p
Compiling Rpl\w-pl-flg-sem.p
Compiling Rpl\w-pl-mov-mes.p
Compiling Rpl\w-pl-mov-sem.p
Compiling Rpl\w-pl-pers.p
Compiling Rpl\w-pr-liqc.p
Compiling Rpl\w-pr-liqcx.p
Compiling Rpl\w-pr-liqd1.p
Compiling Rpl\w-pr-liqd2.p
Compiling Rpl\w-pr-liqd3.p
Compiling Rpl\w-pr-liqd4.p
Compiling Rpl\w-pr-mov-mes.p
Compiling Rpl\w-pr-odpc.p
Compiling Rpl\w-pr-odpcx.p
Compiling Rpl\w-pr-odpd.p
Compiling Rpl\w-pr-odpdg.p
Compiling Rpl\w-pr-rqproc.p
Compiling Rpl\w-pr-rqprod.p
Compiling Rpl\w-rpl-wmigrv.p
Compiling Rpl\w-supcontroloc.p
Compiling Rpl\w-tabgener.p
Compiling Rpl\w-unidades.p
Compiling Rpl\w-vtacdocu.p
Compiling Rpl\w-vtacprom.p
Compiling Rpl\w-vtactabla.p
Compiling Rpl\w-vtactickets.p
Compiling Rpl\w-vtactrkped.p
Compiling Rpl\w-vtadctoprom.p
Compiling Rpl\w-vtadctoprommin.p
Compiling Rpl\w-vtaddocu.p
Compiling Rpl\w-vtadprom.p
Compiling Rpl\w-vtadtabla.p
Compiling Rpl\w-vtadtickets.p
Compiling Rpl\w-vtadtrkped.p
Compiling Rpl\w-vtalistamay.p
Compiling Rpl\w-vtalistamin.p
Compiling Rpl\w-vtalistamingn.p
Compiling Rpl\w-vtamcanal.p
Compiling Rpl\w-vtatabla.p
Compiling Rpl\w-vtavales.p
11:26:10 Looking for Triggers\*.p in d:\newsie\on_in_co\APLIC
Compiling Triggers\c-almdmov.p
Compiling Triggers\d-almckits.p
Compiling Triggers\d-almcmov.p
Compiling Triggers\d-almcrecl.p
Compiling Triggers\d-almcrepo.p
Compiling Triggers\d-almdmov.p
Compiling Triggers\d-almlogcontrol.p
Compiling Triggers\d-almmmatg.p
Compiling Triggers\d-almsfami.p
Compiling Triggers\d-almssfami.p
Compiling Triggers\d-almtfami.p
Compiling Triggers\d-almtubic.p
Compiling Triggers\d-di-rutac.p
Compiling Triggers\d-di-rutad.p
Compiling Triggers\d-di-rutadg.p
Compiling Triggers\d-di-rutag.p
Compiling Triggers\d-excctabla.p
Compiling Triggers\d-faccpedi.p
Compiling Triggers\d-facdpedi.p
Compiling Triggers\d-gn-clie.p
Compiling Triggers\d-gn-prov.p
Compiling Triggers\d-gn-vehic.p
Compiling Triggers\d-gn-ven.p
Compiling Triggers\d-pl-flg-mes.p
Compiling Triggers\d-trmovhist.p
Compiling Triggers\d-unidades.p
Compiling Triggers\d-vtacfammat.p
Compiling Triggers\d-vtacomprov.p
Compiling Triggers\d-vtadctoprom.p
Compiling Triggers\d-vtadctoprommin.p
Compiling Triggers\d-vtalistamay.p
Compiling Triggers\d-vtalistamingn.p
Compiling Triggers\d-vtamcanal.p
Compiling Triggers\d-vtatabla.p
Compiling Triggers\d-vtatrack01.p
Compiling Triggers\tbciman.p
Compiling Triggers\w-almcmov.p
Compiling Triggers\w-almcrepo.p
Compiling Triggers\w-almdmov.p
Compiling Triggers\w-almdrepo.p
Compiling Triggers\w-almlogcontrol.p
Compiling Triggers\w-almmmat1.p
Compiling Triggers\w-almmmate.p
Compiling Triggers\w-almmmatg - copia (2).p
Compiling Triggers\w-almmmatg - copia (3).p
Compiling Triggers\w-almmmatg - copia (4).p
** Variable o nombre de propiedad duplicado --f-Precio. (218)
** d:\newsie\on_in_co\APLIC\Triggers\w-almmmatg - copia (4).p No se entiende línea 138. (196)
Compiling Triggers\w-almmmatg - copia.p
Compiling Triggers\w-almmmatg-copia.p
Compiling Triggers\w-almmmatg.p
Compiling Triggers\w-almmmatp.p
Compiling Triggers\w-almtmatg.p
Compiling Triggers\w-ccbcdocu.p
Compiling Triggers\w-ccbddocu.p
Compiling Triggers\w-clfcli.p
Compiling Triggers\w-di-rutac.p
Compiling Triggers\w-di-rutad.p
Compiling Triggers\w-di-rutadg.p
Compiling Triggers\w-di-rutag.p
Compiling Triggers\w-dsctos.p
Compiling Triggers\w-excctabla.p
Compiling Triggers\w-faccpedi.p
Compiling Triggers\w-facdpedi.p
Compiling Triggers\w-facdpedm.p
Compiling Triggers\w-gn-clie.p
Compiling Triggers\w-gn-cliel.p
Compiling Triggers\w-gn-convt.p
Compiling Triggers\w-gn-divi.p
Compiling Triggers\w-gn-prov.p
Compiling Triggers\w-gn-vehic.p
Compiling Triggers\w-gn-ven.p
Compiling Triggers\w-pl-flg-mes.p
Compiling Triggers\w-prilistaprecios.p
Nombre de tabla desconocido o ambiguo PriListaPrecios (545)
** d:\newsie\on_in_co\APLIC\Triggers\w-prilistaprecios.p No se entiende línea 70. (196)
Compiling Triggers\w-trmovhist.p
Compiling Triggers\w-unidades.p
Compiling Triggers\w-vtacdocu.p
Compiling Triggers\w-vtacfammat.p
Compiling Triggers\w-vtadctoprom.p
Compiling Triggers\w-vtadctoprommin.p
Compiling Triggers\w-vtaddocu.p
Compiling Triggers\w-vtalistamay - copia.p
Compiling Triggers\w-vtalistamay.p
Compiling Triggers\w-vtalistamingn.p
Compiling Triggers\w-vtatabla.p
